[2016-05-07 21:34] configuration (/srv/ex/conll16st-v3404-c60bcfa432d5a328876f327ef2bea88e)
[2016-05-07 21:34]     config 'epochs': 200 (1000)
[2016-05-07 21:34]     config 'epochs_len': -1 (-1)
[2016-05-07 21:34]     config 'epochs_patience': 10 (20)
[2016-05-07 21:34]     config 'batch_size':  (64)
[2016-05-07 21:34]     config 'snapshot_size':  (2048)
[2016-05-07 21:34]     config 'random_per_sample': 24.0 (1)
[2016-05-07 21:34]     config 'filter_fn_name': conn_gt_0 (conn_eq_0)
[2016-05-07 21:34]   args.experiment_dir: /srv/ex/conll16st-v3404-c60bcfa432d5a328876f327ef2bea88e
[2016-05-07 21:34]   args.train_dir: /srv/data/conll16st-en-train
[2016-05-07 21:34]   args.valid_dir: /srv/data/conll16st-en-dev
[2016-05-07 21:34]   K._config: {'epsilon': 1e-07, 'floatx': 'float32', 'backend': 'theano'}
[2016-05-07 21:34]   os.getenv("THEANO_FLAGS"): None
[2016-05-07 21:34]   filter_types: None
[2016-05-07 21:34]   config: {u'words2vec_bin': None, u'words_dim': 20.0, u'filter_fn_name': u'conn_gt_0', u'focus_dim': 6.0, u'random_per_sample': 24.0, u'final_dropout': 0.01608656108471007, u'epochs': 200, u'words2vec_txt': None, u'focus_dropout_W': 0.4850461135349744, u'rnn_dim': 50.0, u'focus_dropout_U': 0.18210894621865603, u'epochs_len': -1, u'final_dim': 40.0, u'epochs_patience': 10, u'rnn_dropout_W': 0.16649459724958682, u'words_dropout': 0.3543889040084549, u'rnn_dropout_U': 0.4899141021546136}
[2016-05-07 21:34] load dataset for training (/srv/data/conll16st-en-train)
[2016-05-07 21:37]   /srv/data/conll16st-en-train: doc_ids: 1756, words: 933049, rel_ids: 17289, relation tokens: 676659
[2016-05-07 21:37] load dataset for validation (/srv/data/conll16st-en-dev)
[2016-05-07 21:37]   /srv/data/conll16st-en-dev: doc_ids: 79, words: 39712, rel_ids: 737, relation tokens: 28745
[2016-05-07 21:37] build indexes
[2016-05-07 21:37]   rel_senses2id: 22, words2id: 43918
[2016-05-07 21:37] build model
[2016-05-07 21:37]     config 'words_dim': 20.0 (20)
[2016-05-07 21:37]     config 'focus_dim': 6.0 (4)
[2016-05-07 21:37]     config 'rnn_dim': 50.0 (20)
[2016-05-07 21:37]     config 'final_dim': 40.0 (100)
[2016-05-07 21:37]     config 'arg1_len':  (100)
[2016-05-07 21:37]     config 'arg2_len':  (100)
[2016-05-07 21:37]     config 'conn_len':  (10)
[2016-05-07 21:37]     config 'punc_len':  (2)
[2016-05-07 21:37]     config 'words_dropout': 0.354388904008 (0.33)
[2016-05-07 21:37]     config 'focus_dropout_W': 0.485046113535 (0.33)
[2016-05-07 21:37]     config 'focus_dropout_U': 0.182108946219 (0.66)
[2016-05-07 21:37]     config 'rnn_dropout_W': 0.16649459725 (0.33)
[2016-05-07 21:37]     config 'rnn_dropout_U': 0.489914102155 (0.66)
[2016-05-07 21:37]     config 'final_dropout': 0.0160865610847 (0.5)
[2016-05-07 21:37]     config 'words2vec_bin': None (None)
[2016-05-07 21:37]     config 'words2vec_txt': None (None)
[2016-05-07 21:37]     config 'rsenses_imp_loss':  (categorical_crossentropy)
____________________________________________________________________________________________________
Layer (type)                       Output Shape        Param #     Connected to                     
====================================================================================================
arg1_ids (InputLayer)              (None, 100)         0                                            
____________________________________________________________________________________________________
arg2_ids (InputLayer)              (None, 100)         0                                            
____________________________________________________________________________________________________
conn_ids (InputLayer)              (None, 10)          0                                            
____________________________________________________________________________________________________
punc_ids (InputLayer)              (None, 2)           0                                            
____________________________________________________________________________________________________
shared_emb (Embedding)             multiple            878360      arg1_ids[0][0]                   
                                                                   arg2_ids[0][0]                   
                                                                   conn_ids[0][0]                   
                                                                   punc_ids[0][0]                   
____________________________________________________________________________________________________
gru_1 (GRU)                        (None, 100, 6)      486         shared_emb[0][0]                 
____________________________________________________________________________________________________
gru_15 (GRU)                       (None, 10, 6)       486         shared_emb[2][0]                 
____________________________________________________________________________________________________
gru_22 (GRU)                       (None, 2, 6)        486         shared_emb[3][0]                 
____________________________________________________________________________________________________
gru_8 (GRU)                        (None, 100, 6)      486         shared_emb[1][0]                 
____________________________________________________________________________________________________
timedistributed_1 (TimeDistributed)(None, 100, 20)     0           gru_1[0][0]                      
____________________________________________________________________________________________________
timedistributed_10 (TimeDistributed(None, 100, 20)     0           gru_8[0][0]                      
____________________________________________________________________________________________________
timedistributed_11 (TimeDistributed(None, 100, 20)     0           gru_8[0][0]                      
____________________________________________________________________________________________________
timedistributed_12 (TimeDistributed(None, 100, 20)     0           gru_8[0][0]                      
____________________________________________________________________________________________________
timedistributed_13 (TimeDistributed(None, 10, 20)      0           gru_15[0][0]                     
____________________________________________________________________________________________________
timedistributed_14 (TimeDistributed(None, 10, 20)      0           gru_15[0][0]                     
____________________________________________________________________________________________________
timedistributed_15 (TimeDistributed(None, 10, 20)      0           gru_15[0][0]                     
____________________________________________________________________________________________________
timedistributed_16 (TimeDistributed(None, 10, 20)      0           gru_15[0][0]                     
____________________________________________________________________________________________________
timedistributed_17 (TimeDistributed(None, 10, 20)      0           gru_15[0][0]                     
____________________________________________________________________________________________________
timedistributed_18 (TimeDistributed(None, 10, 20)      0           gru_15[0][0]                     
____________________________________________________________________________________________________
timedistributed_19 (TimeDistributed(None, 2, 20)       0           gru_22[0][0]                     
____________________________________________________________________________________________________
timedistributed_2 (TimeDistributed)(None, 100, 20)     0           gru_1[0][0]                      
____________________________________________________________________________________________________
timedistributed_20 (TimeDistributed(None, 2, 20)       0           gru_22[0][0]                     
____________________________________________________________________________________________________
timedistributed_21 (TimeDistributed(None, 2, 20)       0           gru_22[0][0]                     
____________________________________________________________________________________________________
timedistributed_22 (TimeDistributed(None, 2, 20)       0           gru_22[0][0]                     
____________________________________________________________________________________________________
timedistributed_23 (TimeDistributed(None, 2, 20)       0           gru_22[0][0]                     
____________________________________________________________________________________________________
timedistributed_24 (TimeDistributed(None, 2, 20)       0           gru_22[0][0]                     
____________________________________________________________________________________________________
timedistributed_3 (TimeDistributed)(None, 100, 20)     0           gru_1[0][0]                      
____________________________________________________________________________________________________
timedistributed_4 (TimeDistributed)(None, 100, 20)     0           gru_1[0][0]                      
____________________________________________________________________________________________________
timedistributed_5 (TimeDistributed)(None, 100, 20)     0           gru_1[0][0]                      
____________________________________________________________________________________________________
timedistributed_6 (TimeDistributed)(None, 100, 20)     0           gru_1[0][0]                      
____________________________________________________________________________________________________
timedistributed_7 (TimeDistributed)(None, 100, 20)     0           gru_8[0][0]                      
____________________________________________________________________________________________________
timedistributed_8 (TimeDistributed)(None, 100, 20)     0           gru_8[0][0]                      
____________________________________________________________________________________________________
timedistributed_9 (TimeDistributed)(None, 100, 20)     0           gru_8[0][0]                      
____________________________________________________________________________________________________
merge_1 (Merge)                    (None, 100, 20)     0           shared_emb[0][0]                 
                                                                   timedistributed_1[0][0]          
____________________________________________________________________________________________________
merge_10 (Merge)                   (None, 100, 20)     0           shared_emb[1][0]                 
                                                                   timedistributed_10[0][0]         
____________________________________________________________________________________________________
merge_11 (Merge)                   (None, 100, 20)     0           shared_emb[1][0]                 
                                                                   timedistributed_11[0][0]         
____________________________________________________________________________________________________
merge_12 (Merge)                   (None, 100, 20)     0           shared_emb[1][0]                 
                                                                   timedistributed_12[0][0]         
____________________________________________________________________________________________________
merge_13 (Merge)                   (None, 10, 20)      0           shared_emb[2][0]                 
                                                                   timedistributed_13[0][0]         
____________________________________________________________________________________________________
merge_14 (Merge)                   (None, 10, 20)      0           shared_emb[2][0]                 
                                                                   timedistributed_14[0][0]         
____________________________________________________________________________________________________
merge_15 (Merge)                   (None, 10, 20)      0           shared_emb[2][0]                 
                                                                   timedistributed_15[0][0]         
____________________________________________________________________________________________________
merge_16 (Merge)                   (None, 10, 20)      0           shared_emb[2][0]                 
                                                                   timedistributed_16[0][0]         
____________________________________________________________________________________________________
merge_17 (Merge)                   (None, 10, 20)      0           shared_emb[2][0]                 
                                                                   timedistributed_17[0][0]         
____________________________________________________________________________________________________
merge_18 (Merge)                   (None, 10, 20)      0           shared_emb[2][0]                 
                                                                   timedistributed_18[0][0]         
____________________________________________________________________________________________________
merge_19 (Merge)                   (None, 2, 20)       0           shared_emb[3][0]                 
                                                                   timedistributed_19[0][0]         
____________________________________________________________________________________________________
merge_2 (Merge)                    (None, 100, 20)     0           shared_emb[0][0]                 
                                                                   timedistributed_2[0][0]          
____________________________________________________________________________________________________
merge_20 (Merge)                   (None, 2, 20)       0           shared_emb[3][0]                 
                                                                   timedistributed_20[0][0]         
____________________________________________________________________________________________________
merge_21 (Merge)                   (None, 2, 20)       0           shared_emb[3][0]                 
                                                                   timedistributed_21[0][0]         
____________________________________________________________________________________________________
merge_22 (Merge)                   (None, 2, 20)       0           shared_emb[3][0]                 
                                                                   timedistributed_22[0][0]         
____________________________________________________________________________________________________
merge_23 (Merge)                   (None, 2, 20)       0           shared_emb[3][0]                 
                                                                   timedistributed_23[0][0]         
____________________________________________________________________________________________________
merge_24 (Merge)                   (None, 2, 20)       0           shared_emb[3][0]                 
                                                                   timedistributed_24[0][0]         
____________________________________________________________________________________________________
merge_3 (Merge)                    (None, 100, 20)     0           shared_emb[0][0]                 
                                                                   timedistributed_3[0][0]          
____________________________________________________________________________________________________
merge_4 (Merge)                    (None, 100, 20)     0           shared_emb[0][0]                 
                                                                   timedistributed_4[0][0]          
____________________________________________________________________________________________________
merge_5 (Merge)                    (None, 100, 20)     0           shared_emb[0][0]                 
                                                                   timedistributed_5[0][0]          
____________________________________________________________________________________________________
merge_6 (Merge)                    (None, 100, 20)     0           shared_emb[0][0]                 
                                                                   timedistributed_6[0][0]          
____________________________________________________________________________________________________
merge_7 (Merge)                    (None, 100, 20)     0           shared_emb[1][0]                 
                                                                   timedistributed_7[0][0]          
____________________________________________________________________________________________________
merge_8 (Merge)                    (None, 100, 20)     0           shared_emb[1][0]                 
                                                                   timedistributed_8[0][0]          
____________________________________________________________________________________________________
merge_9 (Merge)                    (None, 100, 20)     0           shared_emb[1][0]                 
                                                                   timedistributed_9[0][0]          
____________________________________________________________________________________________________
gru_10 (GRU)                       (None, 50)          10650       merge_8[0][0]                    
____________________________________________________________________________________________________
gru_11 (GRU)                       (None, 50)          10650       merge_9[0][0]                    
____________________________________________________________________________________________________
gru_12 (GRU)                       (None, 50)          10650       merge_10[0][0]                   
____________________________________________________________________________________________________
gru_13 (GRU)                       (None, 50)          10650       merge_11[0][0]                   
____________________________________________________________________________________________________
gru_14 (GRU)                       (None, 50)          10650       merge_12[0][0]                   
____________________________________________________________________________________________________
gru_16 (GRU)                       (None, 50)          10650       merge_13[0][0]                   
____________________________________________________________________________________________________
gru_17 (GRU)                       (None, 50)          10650       merge_14[0][0]                   
____________________________________________________________________________________________________
gru_18 (GRU)                       (None, 50)          10650       merge_15[0][0]                   
____________________________________________________________________________________________________
gru_19 (GRU)                       (None, 50)          10650       merge_16[0][0]                   
____________________________________________________________________________________________________
gru_2 (GRU)                        (None, 50)          10650       merge_1[0][0]                    
____________________________________________________________________________________________________
gru_20 (GRU)                       (None, 50)          10650       merge_17[0][0]                   
____________________________________________________________________________________________________
gru_21 (GRU)                       (None, 50)          10650       merge_18[0][0]                   
____________________________________________________________________________________________________
gru_23 (GRU)                       (None, 50)          10650       merge_19[0][0]                   
____________________________________________________________________________________________________
gru_24 (GRU)                       (None, 50)          10650       merge_20[0][0]                   
____________________________________________________________________________________________________
gru_25 (GRU)                       (None, 50)          10650       merge_21[0][0]                   
____________________________________________________________________________________________________
gru_26 (GRU)                       (None, 50)          10650       merge_22[0][0]                   
____________________________________________________________________________________________________
gru_27 (GRU)                       (None, 50)          10650       merge_23[0][0]                   
____________________________________________________________________________________________________
gru_28 (GRU)                       (None, 50)          10650       merge_24[0][0]                   
____________________________________________________________________________________________________
gru_3 (GRU)                        (None, 50)          10650       merge_2[0][0]                    
____________________________________________________________________________________________________
gru_4 (GRU)                        (None, 50)          10650       merge_3[0][0]                    
____________________________________________________________________________________________________
gru_5 (GRU)                        (None, 50)          10650       merge_4[0][0]                    
____________________________________________________________________________________________________
gru_6 (GRU)                        (None, 50)          10650       merge_5[0][0]                    
____________________________________________________________________________________________________
gru_7 (GRU)                        (None, 50)          10650       merge_6[0][0]                    
____________________________________________________________________________________________________
gru_9 (GRU)                        (None, 50)          10650       merge_7[0][0]                    
____________________________________________________________________________________________________
merge_25 (Merge)                   (None, 1200)        0           gru_2[0][0]                      
                                                                   gru_3[0][0]                      
                                                                   gru_4[0][0]                      
                                                                   gru_5[0][0]                      
                                                                   gru_6[0][0]                      
                                                                   gru_7[0][0]                      
                                                                   gru_9[0][0]                      
                                                                   gru_10[0][0]                     
                                                                   gru_11[0][0]                     
                                                                   gru_12[0][0]                     
                                                                   gru_13[0][0]                     
                                                                   gru_14[0][0]                     
                                                                   gru_16[0][0]                     
                                                                   gru_17[0][0]                     
                                                                   gru_18[0][0]                     
                                                                   gru_19[0][0]                     
                                                                   gru_20[0][0]                     
                                                                   gru_21[0][0]                     
                                                                   gru_23[0][0]                     
                                                                   gru_24[0][0]                     
                                                                   gru_25[0][0]                     
                                                                   gru_26[0][0]                     
                                                                   gru_27[0][0]                     
                                                                   gru_28[0][0]                     
____________________________________________________________________________________________________
dense_1 (Dense)                    (None, 40)          48040       merge_25[0][0]                   
____________________________________________________________________________________________________
srelu_1 (SReLU)                    (None, 40)          160         dense_1[0][0]                    
____________________________________________________________________________________________________
dropout_1 (Dropout)                (None, 40)          0           srelu_1[0][0]                    
____________________________________________________________________________________________________
dense_2 (Dense)                    (None, 22)          902         dropout_1[0][0]                  
____________________________________________________________________________________________________
rsenses_imp (Activation)           (None, 22)          0           dense_2[0][0]                    
====================================================================================================
Total params: 1185006
____________________________________________________________________________________________________
[2016-05-07 21:37]     config 'optimizer':  (adam)
[2016-05-07 21:37] initialize weights
[2016-05-07 21:37] prepare snapshots
[2016-05-07 21:37] train model
Epoch 1/200
/usr/local/lib/python2.7/dist-packages/keras/engine/training.py:1397: UserWarning: Epoch comprised more than `samples_per_epoch` samples, which might affect learning results. Set `samples_per_epoch` correctly to avoid this warning.
  warnings.warn('Epoch comprised more than '
308s - loss: 0.2833 - acc: 0.9594 - val_loss: 2.3144 - val_acc: 0.2402
Epoch 2/200
313s - loss: 0.0992 - acc: 0.9668 - val_loss: 2.1390 - val_acc: 0.2185
Epoch 3/200
304s - loss: 0.0948 - acc: 0.9677 - val_loss: 2.1264 - val_acc: 0.1818
Epoch 4/200
306s - loss: 0.0943 - acc: 0.9673 - val_loss: 2.1827 - val_acc: 0.1872
Epoch 5/200
304s - loss: 0.0978 - acc: 0.9666 - val_loss: 2.5445 - val_acc: 0.1140
Epoch 6/200
305s - loss: 0.0937 - acc: 0.9672 - val_loss: 2.1368 - val_acc: 0.2687
Epoch 7/200
304s - loss: 0.0924 - acc: 0.9676 - val_loss: 2.1374 - val_acc: 0.3012
Epoch 8/200
304s - loss: 0.0903 - acc: 0.9680 - val_loss: 2.0704 - val_acc: 0.2917
Epoch 9/200
305s - loss: 0.0870 - acc: 0.9691 - val_loss: 2.1573 - val_acc: 0.1642
Epoch 10/200
306s - loss: 0.0919 - acc: 0.9678 - val_loss: 2.0732 - val_acc: 0.2877
Epoch 11/200
305s - loss: 0.0871 - acc: 0.9694 - val_loss: 2.0569 - val_acc: 0.2944
Epoch 12/200
305s - loss: 0.0867 - acc: 0.9692 - val_loss: 2.1076 - val_acc: 0.1696
Epoch 13/200
306s - loss: 0.0962 - acc: 0.9672 - val_loss: 2.1126 - val_acc: 0.2904
Epoch 14/200
306s - loss: 0.0894 - acc: 0.9692 - val_loss: 2.0600 - val_acc: 0.2931
Epoch 15/200
306s - loss: 0.0852 - acc: 0.9696 - val_loss: 2.0229 - val_acc: 0.2931
Epoch 16/200
307s - loss: 0.0875 - acc: 0.9697 - val_loss: 2.0505 - val_acc: 0.2985
Epoch 17/200
305s - loss: 0.0871 - acc: 0.9698 - val_loss: 2.0251 - val_acc: 0.2904
Epoch 18/200
306s - loss: 0.0833 - acc: 0.9702 - val_loss: 2.0360 - val_acc: 0.2944
Epoch 19/200
307s - loss: 0.0855 - acc: 0.9708 - val_loss: 2.0351 - val_acc: 0.2890
Epoch 20/200
306s - loss: 0.0880 - acc: 0.9684 - val_loss: 2.0418 - val_acc: 0.2822
Epoch 21/200
306s - loss: 0.0895 - acc: 0.9688 - val_loss: 2.0507 - val_acc: 0.2361
Epoch 22/200
307s - loss: 0.0865 - acc: 0.9686 - val_loss: 2.0012 - val_acc: 0.3080
Epoch 23/200
306s - loss: 0.0827 - acc: 0.9699 - val_loss: 2.0071 - val_acc: 0.1981
Epoch 24/200
308s - loss: 0.0853 - acc: 0.9692 - val_loss: 1.9871 - val_acc: 0.3121
Epoch 25/200
310s - loss: 0.0890 - acc: 0.9689 - val_loss: 2.0519 - val_acc: 0.2836
Epoch 26/200
308s - loss: 0.0868 - acc: 0.9683 - val_loss: 2.0011 - val_acc: 0.2605
Epoch 27/200
306s - loss: 0.0846 - acc: 0.9702 - val_loss: 2.0361 - val_acc: 0.2605
Epoch 28/200
307s - loss: 0.0852 - acc: 0.9714 - val_loss: 1.9857 - val_acc: 0.3094
Epoch 29/200
308s - loss: 0.0832 - acc: 0.9702 - val_loss: 1.9806 - val_acc: 0.2877
Epoch 30/200
308s - loss: 0.0842 - acc: 0.9716 - val_loss: 1.9769 - val_acc: 0.3161
Epoch 31/200
309s - loss: 0.0833 - acc: 0.9701 - val_loss: 1.9919 - val_acc: 0.2727
Epoch 32/200
308s - loss: 0.0844 - acc: 0.9698 - val_loss: 1.9939 - val_acc: 0.3026
Epoch 33/200
309s - loss: 0.0861 - acc: 0.9692 - val_loss: 1.9954 - val_acc: 0.2985
Epoch 34/200
309s - loss: 0.0816 - acc: 0.9709 - val_loss: 1.9712 - val_acc: 0.3039
Epoch 35/200
310s - loss: 0.0823 - acc: 0.9698 - val_loss: 1.9557 - val_acc: 0.2985
Epoch 36/200
308s - loss: 0.0848 - acc: 0.9712 - val_loss: 1.9514 - val_acc: 0.3229
Epoch 37/200
311s - loss: 0.0828 - acc: 0.9704 - val_loss: 1.9478 - val_acc: 0.3121
Epoch 38/200
310s - loss: 0.0789 - acc: 0.9706 - val_loss: 1.9446 - val_acc: 0.2863
Epoch 39/200
312s - loss: 0.0817 - acc: 0.9701 - val_loss: 1.9301 - val_acc: 0.3080
Epoch 40/200
309s - loss: 0.0839 - acc: 0.9699 - val_loss: 1.9317 - val_acc: 0.3229
Epoch 41/200
310s - loss: 0.0806 - acc: 0.9719 - val_loss: 1.9670 - val_acc: 0.3026
Epoch 42/200
310s - loss: 0.0820 - acc: 0.9714 - val_loss: 1.9375 - val_acc: 0.3324
Epoch 43/200
311s - loss: 0.0802 - acc: 0.9721 - val_loss: 1.9370 - val_acc: 0.3066
Epoch 44/200
311s - loss: 0.0811 - acc: 0.9712 - val_loss: 1.9374 - val_acc: 0.3026
Epoch 45/200
309s - loss: 0.0825 - acc: 0.9710 - val_loss: 1.9041 - val_acc: 0.3419
Epoch 46/200
307s - loss: 0.0818 - acc: 0.9704 - val_loss: 1.9361 - val_acc: 0.3080
Epoch 47/200
309s - loss: 0.0821 - acc: 0.9710 - val_loss: 1.9044 - val_acc: 0.3324
Epoch 48/200
308s - loss: 0.0795 - acc: 0.9709 - val_loss: 1.9155 - val_acc: 0.3324
Epoch 49/200
309s - loss: 0.0813 - acc: 0.9723 - val_loss: 1.9094 - val_acc: 0.3243
Epoch 50/200
312s - loss: 0.0829 - acc: 0.9715 - val_loss: 1.8711 - val_acc: 0.3446
Epoch 51/200
311s - loss: 0.0818 - acc: 0.9708 - val_loss: 1.8847 - val_acc: 0.3596
Epoch 52/200
309s - loss: 0.0772 - acc: 0.9736 - val_loss: 1.9040 - val_acc: 0.3039
Epoch 53/200
312s - loss: 0.0762 - acc: 0.9732 - val_loss: 1.9113 - val_acc: 0.2917
Epoch 54/200
312s - loss: 0.0761 - acc: 0.9730 - val_loss: 1.8613 - val_acc: 0.3419
Epoch 55/200
313s - loss: 0.0781 - acc: 0.9734 - val_loss: 1.8935 - val_acc: 0.3270
Epoch 56/200
312s - loss: 0.0744 - acc: 0.9737 - val_loss: 1.8816 - val_acc: 0.3392
Epoch 57/200
311s - loss: 0.0752 - acc: 0.9728 - val_loss: 1.8972 - val_acc: 0.3256
Epoch 58/200
311s - loss: 0.0791 - acc: 0.9726 - val_loss: 1.9628 - val_acc: 0.3026
Epoch 59/200
311s - loss: 0.0778 - acc: 0.9728 - val_loss: 1.8838 - val_acc: 0.3433
Epoch 60/200
311s - loss: 0.0803 - acc: 0.9722 - val_loss: 1.9060 - val_acc: 0.3284
Epoch 61/200
310s - loss: 0.0766 - acc: 0.9725 - val_loss: 1.8893 - val_acc: 0.3487
Epoch 62/200
311s - loss: 0.0784 - acc: 0.9729 - val_loss: 1.8630 - val_acc: 0.3596
Epoch 63/200
311s - loss: 0.0780 - acc: 0.9737 - val_loss: 1.9009 - val_acc: 0.3474
Epoch 64/200
312s - loss: 0.0748 - acc: 0.9744 - val_loss: 1.8882 - val_acc: 0.3392
Epoch 65/200
313s - loss: 0.0777 - acc: 0.9737 - val_loss: 1.8629 - val_acc: 0.3596
[2016-05-08 03:26] training finished


{"acc": 0.97369942034600099, "loss": -0.35956580732700133, "val_acc_max": 0.35956580732700133, "val_loss_min": 1.861333095315677, "status": "ok", "val_acc": 0.35956580732700133, "loss_": 0.077663788386227589, "epochs_len": 65, "val_loss": 1.8629010181414063}
